<?xml version="1.0" encoding="UTF-8"?>
<testng-results ignored="0" total="2" passed="2" failed="0" skipped="0">
  <reporter-output>
  </reporter-output>
  <suite started-at="2026-06-29T21:44:18 IST" name="Default suite" finished-at="2026-06-29T21:44:21 IST" duration-ms="3549">
    <groups>
      <group name="cucumber">
        <method signature="AbstractTestNGCucumberTests.runScenario(io.cucumber.testng.PickleWrapper,io.cucumber.testng.FeatureWrapper)[pri:0, instance:com.runTests.RunTest@302c971f]" name="runScenario" class="io.cucumber.testng.AbstractTestNGCucumberTests"/>
      </group> <!-- cucumber -->
    </groups>
    <test started-at="2026-06-29T21:44:18 IST" name="Default test" finished-at="2026-06-29T21:44:21 IST" duration-ms="3549">
      <class name="com.runTests.RunTest">
        <test-method is-config="true" signature="setUpClass(org.testng.ITestContext)[pri:0, instance:com.runTests.RunTest@302c971f]" started-at="2026-06-29T21:44:18 IST" name="setUpClass" finished-at="2026-06-29T21:44:18 IST" duration-ms="217" status="PASS">
          <params>
            <param index="0">
              <value>
                <![CDATA[org.testng.TestRunner@7b9d1a4]]>
              </value>
            </param>
          </params>
          <reporter-output>
          </reporter-output>
        </test-method> <!-- setUpClass -->
        <test-method signature="runScenario(io.cucumber.testng.PickleWrapper,io.cucumber.testng.FeatureWrapper)[pri:0, instance:com.runTests.RunTest@302c971f]" started-at="2026-06-29T21:44:18 IST" name="runScenario" description="Runs Cucumber Scenarios" data-provider="scenarios" finished-at="2026-06-29T21:44:21 IST" duration-ms="3005" status="PASS">
          <params>
            <param index="0">
              <value>
                <![CDATA["Sign-up new user"]]>
              </value>
            </param>
            <param index="1">
              <value>
                <![CDATA["Sign-Up a new User"]]>
              </value>
            </param>
          </params>
          <reporter-output>
          </reporter-output>
        </test-method> <!-- runScenario -->
        <test-method signature="runScenario(io.cucumber.testng.PickleWrapper,io.cucumber.testng.FeatureWrapper)[pri:0, instance:com.runTests.RunTest@302c971f]" started-at="2026-06-29T21:44:21 IST" name="runScenario" description="Runs Cucumber Scenarios" data-provider="scenarios" finished-at="2026-06-29T21:44:21 IST" duration-ms="267" status="PASS">
          <params>
            <param index="0">
              <value>
                <![CDATA["User login"]]>
              </value>
            </param>
            <param index="1">
              <value>
                <![CDATA["Sign-Up a new User"]]>
              </value>
            </param>
          </params>
          <reporter-output>
          </reporter-output>
        </test-method> <!-- runScenario -->
        <test-method is-config="true" signature="tearDownClass()[pri:0, instance:com.runTests.RunTest@302c971f]" started-at="2026-06-29T21:44:21 IST" name="tearDownClass" finished-at="2026-06-29T21:44:21 IST" duration-ms="5" status="PASS">
          <reporter-output>
          </reporter-output>
        </test-method> <!-- tearDownClass -->
      </class> <!-- com.runTests.RunTest -->
    </test> <!-- Default test -->
  </suite> <!-- Default suite -->
</testng-results>
