<?xml version="1.0" encoding="UTF-8"?>
<testng-results ignored="0" total="3" passed="3" failed="0" skipped="0">
  <reporter-output>
  </reporter-output>
  <suite started-at="2026-07-02T18:32:46 IST" name="Default suite" finished-at="2026-07-02T18:32:58 IST" duration-ms="11720">
    <groups>
      <group name="cucumber">
        <method signature="AbstractTestNGCucumberTests.runScenario(io.cucumber.testng.PickleWrapper,io.cucumber.testng.FeatureWrapper)[pri:0, instance:com.api.testRuns.RunTest@338fc1d8]" name="runScenario" class="io.cucumber.testng.AbstractTestNGCucumberTests"/>
      </group> <!-- cucumber -->
    </groups>
    <test started-at="2026-07-02T18:32:46 IST" name="Default test" finished-at="2026-07-02T18:32:58 IST" duration-ms="11720">
      <class name="com.api.testRuns.RunTest">
        <test-method is-config="true" signature="setUpClass(org.testng.ITestContext)[pri:0, instance:com.api.testRuns.RunTest@338fc1d8]" started-at="2026-07-02T18:32:46 IST" name="setUpClass" finished-at="2026-07-02T18:32:48 IST" duration-ms="1836" status="PASS">
          <params>
            <param index="0">
              <value>
                <![CDATA[org.testng.TestRunner@6a261998]]>
              </value>
            </param>
          </params>
          <reporter-output>
          </reporter-output>
        </test-method> <!-- setUpClass -->
        <test-method signature="runScenario(io.cucumber.testng.PickleWrapper,io.cucumber.testng.FeatureWrapper)[pri:0, instance:com.api.testRuns.RunTest@338fc1d8]" started-at="2026-07-02T18:32:48 IST" name="runScenario" description="Runs Cucumber Scenarios" data-provider="scenarios" finished-at="2026-07-02T18:32:56 IST" duration-ms="8345" status="PASS">
          <params>
            <param index="0">
              <value>
                <![CDATA["Sign-up new user"]]>
              </value>
            </param>
            <param index="1">
              <value>
                <![CDATA["Sign-Up a new User"]]>
              </value>
            </param>
          </params>
          <reporter-output>
          </reporter-output>
        </test-method> <!-- runScenario -->
        <test-method signature="runScenario(io.cucumber.testng.PickleWrapper,io.cucumber.testng.FeatureWrapper)[pri:0, instance:com.api.testRuns.RunTest@338fc1d8]" started-at="2026-07-02T18:32:56 IST" name="runScenario" description="Runs Cucumber Scenarios" data-provider="scenarios" finished-at="2026-07-02T18:32:57 IST" duration-ms="424" status="PASS">
          <params>
            <param index="0">
              <value>
                <![CDATA["User login"]]>
              </value>
            </param>
            <param index="1">
              <value>
                <![CDATA["Sign-Up a new User"]]>
              </value>
            </param>
          </params>
          <reporter-output>
          </reporter-output>
        </test-method> <!-- runScenario -->
        <test-method signature="runScenario(io.cucumber.testng.PickleWrapper,io.cucumber.testng.FeatureWrapper)[pri:0, instance:com.api.testRuns.RunTest@338fc1d8]" started-at="2026-07-02T18:32:57 IST" name="runScenario" description="Runs Cucumber Scenarios" data-provider="scenarios" finished-at="2026-07-02T18:32:57 IST" duration-ms="251" status="PASS">
          <params>
            <param index="0">
              <value>
                <![CDATA["Display account details"]]>
              </value>
            </param>
            <param index="1">
              <value>
                <![CDATA["Display user account details"]]>
              </value>
            </param>
          </params>
          <reporter-output>
          </reporter-output>
        </test-method> <!-- runScenario -->
        <test-method is-config="true" signature="tearDownClass()[pri:0, instance:com.api.testRuns.RunTest@338fc1d8]" started-at="2026-07-02T18:32:57 IST" name="tearDownClass" finished-at="2026-07-02T18:32:58 IST" duration-ms="713" status="PASS">
          <reporter-output>
          </reporter-output>
        </test-method> <!-- tearDownClass -->
      </class> <!-- com.api.testRuns.RunTest -->
    </test> <!-- Default test -->
  </suite> <!-- Default suite -->
</testng-results>
