<?xml version="1.0" encoding="UTF-8"?>
<!-- Generated by org.testng.reporters.JUnitReportReporter -->
<testsuite hostname="LIN24004771" failures="0" tests="3" name="com.api.testRuns.RunTest" time="9.020" errors="0" timestamp="2026-07-02T18:32:58 IST" skipped="0">
  <testcase classname="com.api.testRuns.RunTest" name="runScenario" time="0.251"/>
  <testcase classname="com.api.testRuns.RunTest" name="runScenario" time="8.345"/>
  <testcase classname="com.api.testRuns.RunTest" name="runScenario" time="0.424"/>
</testsuite> <!-- com.api.testRuns.RunTest -->
