<?xml version="1.0" encoding="UTF-8"?>
<!-- Generated by org.testng.reporters.JUnitXMLReporter -->
<testsuite ignored="0" hostname="LIN24004771" failures="1" tests="7" name="API Tests" time="9.065" errors="0" timestamp="2026-07-08T22:44:53 IST">
  <testcase classname="io.cucumber.testng.AbstractTestNGCucumberTests" name="runScenario" time="5.317"/>
  <testcase classname="io.cucumber.testng.AbstractTestNGCucumberTests" name="runScenario" time="1.39"/>
  <testcase classname="io.cucumber.testng.AbstractTestNGCucumberTests" name="runScenario" time="0.754"/>
  <testcase classname="io.cucumber.testng.AbstractTestNGCucumberTests" name="runScenario" time="0.272">
    <skipped/>
  </testcase> <!-- runScenario -->
  <testcase classname="io.cucumber.testng.AbstractTestNGCucumberTests" name="runScenario" time="0.18">
    <skipped/>
  </testcase> <!-- runScenario -->
  <testcase classname="io.cucumber.testng.AbstractTestNGCucumberTests" name="runScenario" time="0.148">
    <skipped/>
  </testcase> <!-- runScenario -->
  <testcase classname="io.cucumber.testng.AbstractTestNGCucumberTests" name="runScenario" time="0.153">
    <failure type="java.lang.RuntimeException" message="Status code generated is 500">
      <![CDATA[java.lang.RuntimeException: Status code generated is 500
at com.api.filters.CustomError.filter(CustomError.java:19)
at org.codehaus.groovy.vmplugin.v8.IndyInterface.fromCache(IndyInterface.java:344)
at io.restassured.internal.filter.FilterContextImpl.next(FilterContextImpl.groovy:73)
at org.codehaus.groovy.vmplugin.v8.IndyInterface.fromCache(IndyInterface.java:344)
at io.restassured.internal.RequestSpecificationImpl.applyPathParamsAndSendRequest(RequestSpecificationImpl.groovy:1791)
at groovy.lang.MetaMethod.doMethodInvoke(MetaMethod.java:274)
at groovy.lang.MetaClassImpl.invokeMethod(MetaClassImpl.java:1240)
at groovy.lang.MetaClassImpl.invokeMethod(MetaClassImpl.java:1013)
at groovy.lang.MetaClassImpl.invokeMethod(MetaClassImpl.java:798)
at groovy.lang.GroovyObject.invokeMethod(GroovyObject.java:39)
at org.codehaus.groovy.vmplugin.v8.IndyInterface.fromCache(IndyInterface.java:344)
at io.restassured.internal.RequestSpecificationImpl.applyPathParamsAndSendRequest(RequestSpecificationImpl.groovy:1797)
at groovy.lang.MetaMethod.doMethodInvoke(MetaMethod.java:274)
at groovy.lang.MetaClassImpl.invokeMethod(MetaClassImpl.java:1240)
at groovy.lang.MetaClassImpl.invokeMethod(MetaClassImpl.java:1013)
at groovy.lang.MetaClassImpl.invokeMethod(MetaClassImpl.java:798)
at groovy.lang.GroovyObject.invokeMethod(GroovyObject.java:39)
at org.codehaus.groovy.runtime.metaclass.TransformMetaMethod.invoke(TransformMetaMethod.java:59)
at org.codehaus.groovy.runtime.metaclass.ClosureMetaClass$1.invoke(ClosureMetaClass.java:217)
at org.codehaus.groovy.runtime.metaclass.TransformMetaMethod.doMethodInvoke(TransformMetaMethod.java:66)
at org.codehaus.groovy.runtime.metaclass.ClosureMetaClass.invokeMethod(ClosureMetaClass.java:318)
at org.codehaus.groovy.vmplugin.v8.IndyInterface.fromCache(IndyInterface.java:344)
at io.restassured.internal.RequestSpecificationImpl$_put_closure3.doCall(RequestSpecificationImpl.groovy:186)
at io.restassured.internal.RequestSpecificationImpl$_put_closure3.doCall(RequestSpecificationImpl.groovy)
at groovy.lang.MetaMethod.doMethodInvoke(MetaMethod.java:274)
at org.codehaus.groovy.runtime.metaclass.ClosureMetaClass.invokeMethod(ClosureMetaClass.java:270)
at groovy.lang.MetaClassImpl.invokeMethod(MetaClassImpl.java:1013)
at groovy.lang.Closure.call(Closure.java:471)
at org.codehaus.groovy.runtime.ConvertedClosure.invokeCustom(ConvertedClosure.java:54)
at org.codehaus.groovy.runtime.ConversionHandler.invoke(ConversionHandler.java:114)
at jdk.proxy1/jdk.proxy1.$Proxy26.get(Unknown Source)
at io.restassured.internal.assertbridge.GroovyAssertBridge.runWithUnwrap(GroovyAssertBridge.java:46)
at org.codehaus.groovy.vmplugin.v8.IndyInterface.fromCache(IndyInterface.java:344)
at io.restassured.internal.RequestSpecificationImpl.put(RequestSpecificationImpl.groovy:185)
at io.restassured.internal.RequestSpecificationImpl.put(RequestSpecificationImpl.groovy)
at com.api.services.BaseService.putMethod(BaseService.java:45)
at com.api.services.UserManagement.changePassword(UserManagement.java:26)
at com.api.stepDefinitions.UserProfile_02.user_updated_password_from_user_management(UserProfile_02.java:63)
at ✽.User updated password from user management(file:///C:/Users/arjuroy/STS/New%20folder/Banking-API/src/test/resources/features/02_UserManagement.feature:15)
... Removed 19 stack frames]]>
    </failure>
  </testcase> <!-- runScenario -->
</testsuite> <!-- API Tests -->
